2021-10-01 16:56:15,252 :INFO : root: ----------test_HomePageTitle STARTED----------
2021-10-01 16:56:18,595 :INFO : root: ----------Application URL opened----------
2021-10-01 16:56:18,599 :INFO : root: ----------test_HomePageTitle PASSED----------
2021-10-01 16:56:21,152 :INFO : root: *************************************************************************
2021-10-01 16:56:21,165 :INFO : root: ----------test_login FAILED----------
2021-10-01 16:56:24,394 :INFO : root: ----------Application URL opened----------
2021-10-01 16:56:24,575 :INFO : root: ----------Username enter successfully----------
2021-10-01 16:56:24,732 :INFO : root: ----------Password enter successfully----------
2021-10-01 16:56:30,001 :INFO : root: ----------Login successfully----------
2021-10-01 16:56:32,900 :INFO : root: ----------LogOut successfully----------
2021-10-01 16:56:32,900 :INFO : root: ----------test_login PASSED----------
2021-10-01 16:59:05,430 :INFO : root: ----------test_HomePageTitle STARTED----------
2021-10-01 16:59:05,461 :INFO : root: *************************************************************************
2021-10-01 16:59:05,462 :INFO : root: ----------test_login FAILED----------
2021-10-01 16:59:19,058 :INFO : root: ----------Application URL opened----------
2021-10-01 16:59:19,089 :INFO : root: ----------Application URL opened----------
2021-10-01 16:59:19,783 :INFO : root: ----------test_HomePageTitle PASSED----------
2021-10-01 16:59:22,513 :INFO : root: ----------Username enter successfully----------
2021-10-01 16:59:23,397 :INFO : root: ----------Password enter successfully----------
2021-10-01 16:59:38,862 :INFO : root: ----------Login successfully----------
2021-10-01 16:59:40,703 :INFO : root: ----------LogOut successfully----------
2021-10-01 16:59:40,703 :INFO : root: ----------test_login PASSED----------
2021-10-01 17:14:12,614 :INFO : root: *************************************************************************
2021-10-01 17:14:12,664 :INFO : root: ----------test_login FAILED----------
2021-10-01 17:14:16,517 :INFO : root: ----------test_HomePageTitle STARTED----------
2021-10-01 17:14:25,296 :INFO : root: ----------Application URL opened----------
2021-10-01 17:14:25,299 :INFO : root: ----------Application URL opened----------
2021-10-01 17:14:25,299 :INFO : root: ----------test_HomePageTitle PASSED----------
2021-10-01 17:14:26,007 :INFO : root: ----------Username enter successfully----------
2021-10-01 17:14:26,147 :INFO : root: ----------Password enter successfully----------
2021-10-01 17:14:34,510 :INFO : root: ----------Login successfully----------
2021-10-01 17:14:37,110 :INFO : root: ----------LogOut successfully----------
2021-10-01 17:14:37,110 :INFO : root: ----------test_login PASSED----------
2021-10-01 17:18:58,219 :INFO : root: ----------test_HomePageTitle STARTED----------
2021-10-01 17:19:03,883 :INFO : root: ----------Application URL opened----------
2021-10-01 17:19:04,005 :INFO : root: ----------test_HomePageTitle PASSED----------
2021-10-01 17:19:23,692 :INFO : root: *************************************************************************
2021-10-01 17:19:23,692 :INFO : root: ----------test_login FAILED----------
2021-10-01 17:19:26,925 :INFO : root: ----------Application URL opened----------
2021-10-01 17:19:28,159 :INFO : root: ----------Username enter successfully----------
2021-10-01 17:19:28,491 :INFO : root: ----------Password enter successfully----------
2021-10-01 17:19:36,612 :INFO : root: ----------Login successfully----------
2021-10-01 17:19:40,371 :INFO : root: ----------LogOut successfully----------
2021-10-01 17:19:40,371 :INFO : root: ----------test_login PASSED----------
2021-10-01 17:27:14,556 :INFO : root: ----------test_HomePageTitle STARTED----------
2021-10-01 17:27:18,386 :INFO : root: ----------Application URL opened----------
2021-10-01 17:27:18,391 :INFO : root: ----------test_HomePageTitle PASSED----------
2021-10-01 17:27:21,750 :INFO : root: *************************************************************************
2021-10-01 17:27:21,751 :INFO : root: ----------test_login FAILED----------
2021-10-01 17:27:25,127 :INFO : root: ----------Application URL opened----------
2021-10-01 17:27:25,258 :INFO : root: ----------Username enter successfully----------
2021-10-01 17:27:25,415 :INFO : root: ----------Password enter successfully----------
2021-10-01 17:27:30,454 :INFO : root: ----------Login successfully----------
2021-10-01 17:27:32,703 :INFO : root: ----------LogOut successfully----------
2021-10-01 17:27:32,704 :INFO : root: ----------test_login PASSED----------
2021-10-01 17:29:04,043 :INFO : root: ----------test_HomePageTitle STARTED----------
2021-10-01 17:29:11,982 :INFO : root: ----------Application URL opened----------
2021-10-01 17:29:14,218 :INFO : root: ----------test_HomePageTitle PASSED----------
2021-10-01 17:29:25,585 :INFO : root: *************************************************************************
2021-10-01 17:29:25,586 :INFO : root: ----------test_login FAILED----------
2021-10-01 17:29:29,940 :INFO : root: ----------Application URL opened----------
2021-10-01 17:29:30,312 :INFO : root: ----------Username enter successfully----------
2021-10-01 17:29:30,452 :INFO : root: ----------Password enter successfully----------
2021-10-01 17:29:37,548 :INFO : root: ----------Login successfully----------
2021-10-01 17:29:40,493 :INFO : root: ----------LogOut successfully----------
2021-10-01 17:29:40,493 :INFO : root: ----------test_login PASSED----------
2021-10-01 18:14:57,806 :INFO : root: *************************************************************************
2021-10-01 18:14:57,837 :INFO : root: ----------test_login_ddt STARTED----------
2021-10-01 18:15:00,664 :INFO : root: ----------Application URL opened----------
2021-10-02 10:57:12,520 :INFO : root: *************************************************************************
2021-10-02 10:57:12,535 :INFO : root: ----------test_login_ddt STARTED----------
2021-10-02 10:57:26,032 :INFO : root: ----------Application URL opened----------
2021-10-02 14:31:26,079 :INFO : root: ----------test_HomePageTitle STARTED----------
2021-10-02 14:31:41,719 :INFO : root: *************************************************************************
2021-10-02 14:31:41,719 :INFO : root: ----------test_login FAILED----------
2021-10-02 14:33:30,902 :INFO : root: ----------test_HomePageTitle STARTED----------
2021-10-02 14:33:39,952 :INFO : root: ----------Application URL opened----------
2021-10-02 14:33:40,841 :INFO : root: ----------test_HomePageTitle PASSED----------
2021-10-02 14:33:54,594 :INFO : root: *************************************************************************
2021-10-02 14:33:54,594 :INFO : root: ----------test_login FAILED----------
2021-10-02 14:33:59,252 :INFO : root: ----------Application URL opened----------
2021-10-02 14:33:59,452 :INFO : root: ----------Username enter successfully----------
2021-10-02 14:33:59,584 :INFO : root: ----------Password enter successfully----------
2021-10-02 14:34:10,832 :INFO : root: ----------Login successfully----------
2021-10-02 14:34:12,627 :INFO : root: ----------LogOut successfully----------
2021-10-02 14:34:12,627 :INFO : root: ----------test_login PASSED----------
2021-10-02 14:35:21,048 :INFO : root: *************************************************************************
2021-10-02 14:35:21,079 :INFO : root: ----------test_login_ddt STARTED----------
2021-10-02 14:35:29,049 :INFO : root: ----------Application URL opened----------
2021-10-02 14:39:39,971 :INFO : root: *************************************************************************
2021-10-02 14:39:40,111 :INFO : root: ----------test_login_ddt STARTED----------
2021-10-02 14:39:45,718 :INFO : root: ----------Application URL opened----------
2021-10-02 14:41:25,430 :INFO : root: *************************************************************************
2021-10-02 14:41:25,598 :INFO : root: ----------test_login_ddt STARTED----------
2021-10-02 14:41:29,866 :INFO : root: ----------Application URL opened----------
2021-10-02 14:42:28,412 :INFO : root: *************************************************************************
2021-10-02 14:42:28,412 :INFO : root: ----------test_login_ddt STARTED----------
2021-10-02 14:42:31,968 :INFO : root: ----------Application URL opened----------
2021-10-02 14:44:10,429 :INFO : root: *************************************************************************
2021-10-02 14:44:10,429 :INFO : root: ----------test_login_ddt STARTED----------
2021-10-02 14:44:13,619 :INFO : root: ----------Application URL opened----------
2021-10-02 14:45:24,829 :INFO : root: *************************************************************************
2021-10-02 14:45:24,907 :INFO : root: ----------test_login_ddt STARTED----------
2021-10-02 14:45:29,664 :INFO : root: ----------Application URL opened----------
2021-10-02 14:46:15,208 :INFO : root: *************************************************************************
2021-10-02 14:46:15,208 :INFO : root: ----------test_login_ddt STARTED----------
2021-10-02 14:46:18,289 :INFO : root: ----------Application URL opened----------
2021-10-02 14:51:29,793 :INFO : root: *************************************************************************
2021-10-02 14:51:29,808 :INFO : root: ----------test_login_ddt STARTED----------
2021-10-02 14:51:32,484 :INFO : root: ----------Application URL opened----------
2021-10-04 09:28:40,387 :INFO : root: *************************************************************************
2021-10-04 09:28:40,419 :INFO : root: ----------test_login_ddt STARTED----------
2021-10-04 09:28:45,163 :INFO : root: ----------Application URL opened----------
2021-10-04 09:38:19,917 :INFO : root: *************************************************************************
2021-10-04 09:38:19,917 :INFO : root: ----------test_login_ddt STARTED----------
2021-10-04 09:38:22,498 :INFO : root: ----------Application URL opened----------
2021-10-05 10:59:19,425 :INFO : root: ----------test_HomePageTitle STARTED----------
2021-10-05 10:59:19,425 :INFO : root: ----------test_HomePageTitle STARTED----------
2021-10-05 10:59:31,152 :INFO : root: *************************************************************************
2021-10-05 10:59:31,152 :INFO : root: *************************************************************************
2021-10-05 10:59:31,152 :INFO : root: ----------test_login FAILED----------
2021-10-05 10:59:31,152 :INFO : root: ----------test_login FAILED----------
2021-10-05 11:14:11,436 :INFO : root: ----------test_HomePageTitle STARTED----------
2021-10-05 11:14:11,436 :INFO : root: ----------test_HomePageTitle STARTED----------
2021-10-05 11:14:14,716 :INFO : root: ----------Application URL opened----------
2021-10-05 11:14:14,716 :INFO : root: ----------Application URL opened----------
2021-10-05 11:14:14,729 :INFO : root: ----------test_HomePageTitle PASSED----------
2021-10-05 11:14:14,729 :INFO : root: ----------test_HomePageTitle PASSED----------
2021-10-05 11:14:20,532 :INFO : root: *************************************************************************
2021-10-05 11:14:20,532 :INFO : root: *************************************************************************
2021-10-05 11:14:20,532 :INFO : root: ----------test_login FAILED----------
2021-10-05 11:14:20,532 :INFO : root: ----------test_login FAILED----------
2021-10-05 11:14:23,579 :INFO : root: ----------Application URL opened----------
2021-10-05 11:14:23,579 :INFO : root: ----------Application URL opened----------
2021-10-05 11:14:23,747 :INFO : root: ----------Username enter successfully----------
2021-10-05 11:14:23,747 :INFO : root: ----------Username enter successfully----------
2021-10-05 11:14:23,873 :INFO : root: ----------Password enter successfully----------
2021-10-05 11:14:23,873 :INFO : root: ----------Password enter successfully----------
2021-10-05 11:14:30,654 :INFO : root: ----------Login successfully----------
2021-10-05 11:14:30,654 :INFO : root: ----------Login successfully----------
2021-10-05 11:14:32,305 :INFO : root: ----------LogOut successfully----------
2021-10-05 11:14:32,305 :INFO : root: ----------LogOut successfully----------
2021-10-05 11:14:32,305 :INFO : root: ----------test_login PASSED----------
2021-10-05 11:14:32,305 :INFO : root: ----------test_login PASSED----------
2021-10-05 11:15:16,402 :INFO : root: ----------test_HomePageTitle STARTED----------
2021-10-05 11:15:16,402 :INFO : root: ----------test_HomePageTitle STARTED----------
2021-10-05 11:15:20,537 :INFO : root: ----------Application URL opened----------
2021-10-05 11:15:20,537 :INFO : root: ----------Application URL opened----------
2021-10-05 11:15:20,542 :INFO : root: ----------test_HomePageTitle PASSED----------
2021-10-05 11:15:20,542 :INFO : root: ----------test_HomePageTitle PASSED----------
2021-10-05 11:15:22,577 :INFO : root: *************************************************************************
2021-10-05 11:15:22,577 :INFO : root: *************************************************************************
2021-10-05 11:15:22,577 :INFO : root: ----------test_login FAILED----------
2021-10-05 11:15:22,577 :INFO : root: ----------test_login FAILED----------
2021-10-05 11:15:25,919 :INFO : root: ----------Application URL opened----------
2021-10-05 11:15:25,919 :INFO : root: ----------Application URL opened----------
2021-10-05 11:15:26,080 :INFO : root: ----------Username enter successfully----------
2021-10-05 11:15:26,080 :INFO : root: ----------Username enter successfully----------
2021-10-05 11:15:26,221 :INFO : root: ----------Password enter successfully----------
2021-10-05 11:15:26,221 :INFO : root: ----------Password enter successfully----------
2021-10-05 11:15:32,649 :INFO : root: ----------Login successfully----------
2021-10-05 11:15:32,649 :INFO : root: ----------Login successfully----------
2021-10-05 11:15:35,340 :INFO : root: ----------LogOut successfully----------
2021-10-05 11:15:35,340 :INFO : root: ----------LogOut successfully----------
2021-10-05 11:15:35,340 :INFO : root: ----------test_login PASSED----------
2021-10-05 11:15:35,340 :INFO : root: ----------test_login PASSED----------
2021-10-05 12:13:24,683 :INFO : root: ----------test_HomePageTitle STARTED----------
2021-10-05 12:13:24,683 :INFO : root: ----------test_HomePageTitle STARTED----------
2021-10-05 12:13:27,764 :INFO : root: ----------Application URL opened----------
2021-10-05 12:13:27,764 :INFO : root: ----------Application URL opened----------
2021-10-05 12:13:27,779 :INFO : root: ----------test_HomePageTitle PASSED----------
2021-10-05 12:13:27,779 :INFO : root: ----------test_HomePageTitle PASSED----------
2021-10-05 12:13:29,616 :INFO : root: *************************************************************************
2021-10-05 12:13:29,616 :INFO : root: *************************************************************************
2021-10-05 12:13:29,616 :INFO : root: ----------test_login FAILED----------
2021-10-05 12:13:29,616 :INFO : root: ----------test_login FAILED----------
2021-10-05 12:13:33,172 :INFO : root: ----------Application URL opened----------
2021-10-05 12:13:33,172 :INFO : root: ----------Application URL opened----------
2021-10-05 12:13:33,332 :INFO : root: ----------Username enter successfully----------
2021-10-05 12:13:33,332 :INFO : root: ----------Username enter successfully----------
2021-10-05 12:13:33,468 :INFO : root: ----------Password enter successfully----------
2021-10-05 12:13:33,468 :INFO : root: ----------Password enter successfully----------
2021-10-05 12:13:41,691 :INFO : root: ----------Login successfully----------
2021-10-05 12:13:41,691 :INFO : root: ----------Login successfully----------
2021-10-05 12:13:43,806 :INFO : root: ----------LogOut successfully----------
2021-10-05 12:13:43,806 :INFO : root: ----------LogOut successfully----------
2021-10-05 12:13:43,806 :INFO : root: ----------test_login PASSED----------
2021-10-05 12:13:43,806 :INFO : root: ----------test_login PASSED----------
2021-10-05 12:18:26,422 :INFO : root: ----------test_HomePageTitle STARTED----------
2021-10-05 12:18:26,422 :INFO : root: ----------test_HomePageTitle STARTED----------
2021-10-05 12:18:28,670 :INFO : root: ----------Application URL opened----------
2021-10-05 12:18:28,670 :INFO : root: ----------Application URL opened----------
2021-10-05 12:18:28,678 :INFO : root: ----------test_HomePageTitle PASSED----------
2021-10-05 12:18:28,678 :INFO : root: ----------test_HomePageTitle PASSED----------
2021-10-05 12:18:34,454 :INFO : root: *************************************************************************
2021-10-05 12:18:34,454 :INFO : root: *************************************************************************
2021-10-05 12:18:34,454 :INFO : root: ----------test_login FAILED----------
2021-10-05 12:18:34,454 :INFO : root: ----------test_login FAILED----------
2021-10-05 12:18:37,321 :INFO : root: ----------Application URL opened----------
2021-10-05 12:18:37,321 :INFO : root: ----------Application URL opened----------
2021-10-05 12:18:37,479 :INFO : root: ----------Username enter successfully----------
2021-10-05 12:18:37,479 :INFO : root: ----------Username enter successfully----------
2021-10-05 12:18:37,599 :INFO : root: ----------Password enter successfully----------
2021-10-05 12:18:37,599 :INFO : root: ----------Password enter successfully----------
2021-10-05 12:18:44,039 :INFO : root: ----------Login successfully----------
2021-10-05 12:18:44,039 :INFO : root: ----------Login successfully----------
2021-10-05 12:18:47,218 :INFO : root: ----------LogOut successfully----------
2021-10-05 12:18:47,218 :INFO : root: ----------LogOut successfully----------
2021-10-05 12:18:47,218 :INFO : root: ----------test_login PASSED----------
2021-10-05 12:18:47,218 :INFO : root: ----------test_login PASSED----------
2021-10-05 12:18:49,070 :INFO : root: *************************************************************************
2021-10-05 12:18:49,070 :INFO : root: *************************************************************************
2021-10-05 12:18:49,070 :INFO : root: ----------test_login_ddt STARTED----------
2021-10-05 12:18:49,070 :INFO : root: ----------test_login_ddt STARTED----------
2021-10-05 12:18:52,367 :INFO : root: ----------Application URL opened----------
2021-10-05 12:18:52,367 :INFO : root: ----------Application URL opened----------
